<?xml version="1.0" encoding="UTF-8"?>
<!-- Generated by org.testng.reporters.JUnitReportReporter -->
<testsuite hostname="VIDHYARAJENDRAN" failures="0" tests="2" name="com.test.ErrorValidation" time="16.334" errors="0" timestamp="2024-05-16T17:18:39 IST" skipped="0">
  <testcase classname="com.test.ErrorValidation" name="LoginErrorvalidation" time="2.781"/>
  <testcase classname="com.test.ErrorValidation" name="ProductErrorValidation" time="13.553"/>
</testsuite> <!-- com.test.ErrorValidation -->
